# JRE version: OpenJDK Runtime Environment Temurin-21.0.11+10 (21.0.11+10) (build 21.0.11+10-LTS)
# Java VM: OpenJDK 64-Bit Server VM Temurin-21.0.11+10 (21.0.11+10-LTS, mixed mode, sharing, tiered, compressed oops, compressed class ptrs, parallel gc, windows-amd64)
GC Precious Log:
 CardTable entry size: 512
 CPUs: 12 total, 12 available
 Memory: 8028M
 Large Page Support: Disabled
 NUMA Support: Disabled
 Compressed Oops: Enabled (32-bit)
 Alignments: Space 512K, Generation 512K, Heap 2M
 Heap Min Capacity: 100M
 Heap Initial Capacity: 100M
 Heap Max Capacity: 2G
 Pre-touch: Disabled
 Parallel Workers: 10
Heap:
 PSYoungGen      total 8192K, used 8184K [0x00000000d5580000, 0x00000000d6780000, 0x0000000100000000)
  eden space 5632K, 100% used [0x00000000d5580000,0x00000000d5b00000,0x00000000d5b00000)
  from space 2560K, 99% used [0x00000000d6000000,0x00000000d627e2c8,0x00000000d6280000)
  to   space 5120K, 35% used [0x00000000d5b00000,0x00000000d5cc4550,0x00000000d6000000)
 ParOldGen       total 770048K, used 769583K [0x0000000080000000, 0x00000000af000000, 0x00000000d5580000)
  object space 770048K, 99% used [0x0000000080000000,0x00000000aef8bec8,0x00000000af000000)
 Metaspace       used 85471K, committed 87232K, reserved 1179648K
  class space    used 8497K, committed 9344K, reserved 1048576K
GC Heap History (20 events):
Event: 1317.684 GC heap before
{Heap before GC invocations=3853 (full 7):
 PSYoungGen      total 9216K, used 8283K [0x00000000d5580000, 0x00000000d6080000, 0x0000000100000000)
  eden space 6656K, 100% used [0x00000000d5580000,0x00000000d5c00000,0x00000000d5c00000)
  from space 2560K, 63% used [0x00000000d5e00000,0x00000000d5f96e08,0x00000000d6080000)
  to   space 2048K, 0% used [0x00000000d5c00000,0x00000000d5c00000,0x00000000d5e00000)
 ParOldGen       total 748032K, used 747975K [0x0000000080000000, 0x00000000ada80000, 0x00000000d5580000)
  object space 748032K, 99% used [0x0000000080000000,0x00000000ada71ca0,0x00000000ada80000)
 Metaspace       used 85452K, committed 87232K, reserved 1179648K
  class space    used 8497K, committed 9344K, reserved 1048576K
}
Event: 1317.690 GC heap after
{Heap after GC invocations=3853 (full 7):
 PSYoungGen      total 8704K, used 2013K [0x00000000d5580000, 0x00000000d6280000, 0x0000000100000000)
  eden space 6656K, 0% used [0x00000000d5580000,0x00000000d5580000,0x00000000d5c00000)
  from space 2048K, 98% used [0x00000000d5c00000,0x00000000d5df7480,0x00000000d5e00000)
  to   space 2560K, 0% used [0x00000000d6000000,0x00000000d6000000,0x00000000d6280000)
 ParOldGen       total 749568K, used 749417K [0x0000000080000000, 0x00000000adc00000, 0x00000000d5580000)
  object space 749568K, 99% used [0x0000000080000000,0x00000000adbda618,0x00000000adc00000)
 Metaspace       used 85452K, committed 87232K, reserved 1179648K
  class space    used 8497K, committed 9344K, reserved 1048576K
}
Event: 1317.720 GC heap before
{Heap before GC invocations=3854 (full 7):
 PSYoungGen      total 8704K, used 8669K [0x00000000d5580000, 0x00000000d6280000, 0x0000000100000000)
  eden space 6656K, 100% used [0x00000000d5580000,0x00000000d5c00000,0x00000000d5c00000)
  from space 2048K, 98% used [0x00000000d5c00000,0x00000000d5df7480,0x00000000d5e00000)
  to   space 2560K, 0% used [0x00000000d6000000,0x00000000d6000000,0x00000000d6280000)
 ParOldGen       total 749568K, used 749417K [0x0000000080000000, 0x00000000adc00000, 0x00000000d5580000)
  object space 749568K, 99% used [0x0000000080000000,0x00000000adbda618,0x00000000adc00000)
 Metaspace       used 85452K, committed 87232K, reserved 1179648K
  class space    used 8497K, committed 9344K, reserved 1048576K
}
Event: 1317.727 GC heap after
{Heap after GC invocations=3854 (full 7):
 PSYoungGen      total 10240K, used 1753K [0x00000000d5580000, 0x00000000d6200000, 0x0000000100000000)
  eden space 8192K, 0% used [0x00000000d5580000,0x00000000d5580000,0x00000000d5d80000)
  from space 2048K, 85% used [0x00000000d6000000,0x00000000d61b64d8,0x00000000d6200000)
  to   space 2048K, 0% used [0x00000000d5e00000,0x00000000d5e00000,0x00000000d6000000)
 ParOldGen       total 751616K, used 751344K [0x0000000080000000, 0x00000000ade00000, 0x00000000d5580000)
  object space 751616K, 99% used [0x0000000080000000,0x00000000addbc348,0x00000000ade00000)
 Metaspace       used 85452K, committed 87232K, reserved 1179648K
  class space    used 8497K, committed 9344K, reserved 1048576K
}
Event: 1317.772 GC heap before
{Heap before GC invocations=3855 (full 7):
 PSYoungGen      total 10240K, used 9945K [0x00000000d5580000, 0x00000000d6200000, 0x0000000100000000)
  eden space 8192K, 100% used [0x00000000d5580000,0x00000000d5d80000,0x00000000d5d80000)
  from space 2048K, 85% used [0x00000000d6000000,0x00000000d61b64d8,0x00000000d6200000)
  to   space 2048K, 0% used [0x00000000d5e00000,0x00000000d5e00000,0x00000000d6000000)
 ParOldGen       total 751616K, used 751344K [0x0000000080000000, 0x00000000ade00000, 0x00000000d5580000)
  object space 751616K, 99% used [0x0000000080000000,0x00000000addbc348,0x00000000ade00000)
 Metaspace       used 85452K, committed 87232K, reserved 1179648K
  class space    used 8497K, committed 9344K, reserved 1048576K
}
Event: 1317.778 GC heap after
{Heap after GC invocations=3855 (full 7):
 PSYoungGen      total 10752K, used 2048K [0x00000000d5580000, 0x00000000d6780000, 0x0000000100000000)
  eden space 8704K, 0% used [0x00000000d5580000,0x00000000d5580000,0x00000000d5e00000)
  from space 2048K, 100% used [0x00000000d5e00000,0x00000000d6000000,0x00000000d6000000)
  to   space 4096K, 0% used [0x00000000d6380000,0x00000000d6380000,0x00000000d6780000)
 ParOldGen       total 753152K, used 753047K [0x0000000080000000, 0x00000000adf80000, 0x00000000d5580000)
  object space 753152K, 99% used [0x0000000080000000,0x00000000adf65f60,0x00000000adf80000)
 Metaspace       used 85452K, committed 87232K, reserved 1179648K
  class space    used 8497K, committed 9344K, reserved 1048576K
}
Event: 1317.826 GC heap before
{Heap before GC invocations=3856 (full 7):
 PSYoungGen      total 10752K, used 10752K [0x00000000d5580000, 0x00000000d6780000, 0x0000000100000000)
  eden space 8704K, 100% used [0x00000000d5580000,0x00000000d5e00000,0x00000000d5e00000)
  from space 2048K, 100% used [0x00000000d5e00000,0x00000000d6000000,0x00000000d6000000)
  to   space 4096K, 0% used [0x00000000d6380000,0x00000000d6380000,0x00000000d6780000)
 ParOldGen       total 753152K, used 753047K [0x0000000080000000, 0x00000000adf80000, 0x00000000d5580000)
  object space 753152K, 99% used [0x0000000080000000,0x00000000adf65f60,0x00000000adf80000)
 Metaspace       used 85453K, committed 87232K, reserved 1179648K
  class space    used 8497K, committed 9344K, reserved 1048576K
}
Event: 1317.832 GC heap after
{Heap after GC invocations=3856 (full 7):
 PSYoungGen      total 13824K, used 2643K [0x00000000d5580000, 0x00000000d6680000, 0x0000000100000000)
  eden space 10752K, 0% used [0x00000000d5580000,0x00000000d5580000,0x00000000d6000000)
  from space 3072K, 86% used [0x00000000d6380000,0x00000000d6614ed8,0x00000000d6680000)
  to   space 3072K, 0% used [0x00000000d6080000,0x00000000d6080000,0x00000000d6380000)
 ParOldGen       total 754688K, used 754485K [0x0000000080000000, 0x00000000ae100000, 0x00000000d5580000)
  object space 754688K, 99% used [0x0000000080000000,0x00000000ae0cd560,0x00000000ae100000)
 Metaspace       used 85453K, committed 87232K, reserved 1179648K
  class space    used 8497K, committed 9344K, reserved 1048576K
}
Event: 1317.927 GC heap before
{Heap before GC invocations=3857 (full 7):
 PSYoungGen      total 13824K, used 13395K [0x00000000d5580000, 0x00000000d6680000, 0x0000000100000000)
  eden space 10752K, 100% used [0x00000000d5580000,0x00000000d6000000,0x00000000d6000000)
  from space 3072K, 86% used [0x00000000d6380000,0x00000000d6614ed8,0x00000000d6680000)
  to   space 3072K, 0% used [0x00000000d6080000,0x00000000d6080000,0x00000000d6380000)
 ParOldGen       total 754688K, used 754485K [0x0000000080000000, 0x00000000ae100000, 0x00000000d5580000)
  object space 754688K, 99% used [0x0000000080000000,0x00000000ae0cd560,0x00000000ae100000)
 Metaspace       used 85453K, committed 87232K, reserved 1179648K
  class space    used 8497K, committed 9344K, reserved 1048576K
}
Event: 1317.932 GC heap after
{Heap after GC invocations=3857 (full 7):
 PSYoungGen      total 12800K, used 1991K [0x00000000d5580000, 0x00000000d6500000, 0x0000000100000000)
  eden space 10752K, 0% used [0x00000000d5580000,0x00000000d5580000,0x00000000d6000000)
  from space 2048K, 97% used [0x00000000d6080000,0x00000000d6271e00,0x00000000d6280000)
  to   space 2560K, 0% used [0x00000000d6280000,0x00000000d6280000,0x00000000d6500000)
 ParOldGen       total 755712K, used 755530K [0x0000000080000000, 0x00000000ae200000, 0x00000000d5580000)
  object space 755712K, 99% used [0x0000000080000000,0x00000000ae1d2938,0x00000000ae200000)
 Metaspace       used 85453K, committed 87232K, reserved 1179648K
  class space    used 8497K, committed 9344K, reserved 1048576K
}
Event: 1318.067 GC heap before
{Heap before GC invocations=3858 (full 7):
 PSYoungGen      total 12800K, used 12743K [0x00000000d5580000, 0x00000000d6500000, 0x0000000100000000)
  eden space 10752K, 100% used [0x00000000d5580000,0x00000000d6000000,0x00000000d6000000)
  from space 2048K, 97% used [0x00000000d6080000,0x00000000d6271e00,0x00000000d6280000)
  to   space 2560K, 0% used [0x00000000d6280000,0x00000000d6280000,0x00000000d6500000)
 ParOldGen       total 755712K, used 755530K [0x0000000080000000, 0x00000000ae200000, 0x00000000d5580000)
  object space 755712K, 99% used [0x0000000080000000,0x00000000ae1d2938,0x00000000ae200000)
 Metaspace       used 85454K, committed 87232K, reserved 1179648K
  class space    used 8497K, committed 9344K, reserved 1048576K
}
Event: 1318.074 GC heap after
{Heap after GC invocations=3858 (full 7):
 PSYoungGen      total 10752K, used 2534K [0x00000000d5580000, 0x00000000d6a00000, 0x0000000100000000)
  eden space 8192K, 0% used [0x00000000d5580000,0x00000000d5580000,0x00000000d5d80000)
  from space 2560K, 98% used [0x00000000d6280000,0x00000000d64f9828,0x00000000d6500000)
  to   space 5120K, 0% used [0x00000000d5d80000,0x00000000d5d80000,0x00000000d6280000)
 ParOldGen       total 757760K, used 757514K [0x0000000080000000, 0x00000000ae400000, 0x00000000d5580000)
  object space 757760K, 99% used [0x0000000080000000,0x00000000ae3c29b0,0x00000000ae400000)
 Metaspace       used 85454K, committed 87232K, reserved 1179648K
  class space    used 8497K, committed 9344K, reserved 1048576K
}
Event: 1318.140 GC heap before
{Heap before GC invocations=3859 (full 7):
 PSYoungGen      total 10752K, used 10726K [0x00000000d5580000, 0x00000000d6a00000, 0x0000000100000000)
  eden space 8192K, 100% used [0x00000000d5580000,0x00000000d5d80000,0x00000000d5d80000)
  from space 2560K, 98% used [0x00000000d6280000,0x00000000d64f9828,0x00000000d6500000)
  to   space 5120K, 0% used [0x00000000d5d80000,0x00000000d5d80000,0x00000000d6280000)
 ParOldGen       total 757760K, used 757514K [0x0000000080000000, 0x00000000ae400000, 0x00000000d5580000)
  object space 757760K, 99% used [0x0000000080000000,0x00000000ae3c29b0,0x00000000ae400000)
 Metaspace       used 85454K, committed 87232K, reserved 1179648K
  class space    used 8497K, committed 9344K, reserved 1048576K
}
Event: 1318.148 GC heap after
{Heap after GC invocations=3859 (full 7):
 PSYoungGen      total 11264K, used 2653K [0x00000000d5580000, 0x00000000d6480000, 0x0000000100000000)
  eden space 8192K, 0% used [0x00000000d5580000,0x00000000d5580000,0x00000000d5d80000)
  from space 3072K, 86% used [0x00000000d5d80000,0x00000000d60174b0,0x00000000d6080000)
  to   space 3584K, 0% used [0x00000000d6100000,0x00000000d6100000,0x00000000d6480000)
 ParOldGen       total 759808K, used 759740K [0x0000000080000000, 0x00000000ae600000, 0x00000000d5580000)
  object space 759808K, 99% used [0x0000000080000000,0x00000000ae5ef3e0,0x00000000ae600000)
 Metaspace       used 85454K, committed 87232K, reserved 1179648K
  class space    used 8497K, committed 9344K, reserved 1048576K
}
Event: 1318.207 GC heap before
{Heap before GC invocations=3860 (full 7):
 PSYoungGen      total 11264K, used 10845K [0x00000000d5580000, 0x00000000d6480000, 0x0000000100000000)
  eden space 8192K, 100% used [0x00000000d5580000,0x00000000d5d80000,0x00000000d5d80000)
  from space 3072K, 86% used [0x00000000d5d80000,0x00000000d60174b0,0x00000000d6080000)
  to   space 3584K, 0% used [0x00000000d6100000,0x00000000d6100000,0x00000000d6480000)
 ParOldGen       total 759808K, used 759740K [0x0000000080000000, 0x00000000ae600000, 0x00000000d5580000)
  object space 759808K, 99% used [0x0000000080000000,0x00000000ae5ef3e0,0x00000000ae600000)
 Metaspace       used 85454K, committed 87232K, reserved 1179648K
  class space    used 8497K, committed 9344K, reserved 1048576K
}
Event: 1318.214 GC heap after
{Heap after GC invocations=3860 (full 7):
 PSYoungGen      total 11264K, used 2589K [0x00000000d5580000, 0x00000000d6400000, 0x0000000100000000)
  eden space 8192K, 0% used [0x00000000d5580000,0x00000000d5580000,0x00000000d5d80000)
  from space 3072K, 84% used [0x00000000d6100000,0x00000000d6387418,0x00000000d6400000)
  to   space 3072K, 0% used [0x00000000d5d80000,0x00000000d5d80000,0x00000000d6080000)
 ParOldGen       total 762368K, used 762309K [0x0000000080000000, 0x00000000ae880000, 0x00000000d5580000)
  object space 762368K, 99% used [0x0000000080000000,0x00000000ae871580,0x00000000ae880000)
 Metaspace       used 85454K, committed 87232K, reserved 1179648K
  class space    used 8497K, committed 9344K, reserved 1048576K
}
Event: 1318.352 GC heap before
{Heap before GC invocations=3861 (full 7):
 PSYoungGen      total 11264K, used 10781K [0x00000000d5580000, 0x00000000d6400000, 0x0000000100000000)
  eden space 8192K, 100% used [0x00000000d5580000,0x00000000d5d80000,0x00000000d5d80000)
  from space 3072K, 84% used [0x00000000d6100000,0x00000000d6387418,0x00000000d6400000)
  to   space 3072K, 0% used [0x00000000d5d80000,0x00000000d5d80000,0x00000000d6080000)
 ParOldGen       total 762368K, used 762309K [0x0000000080000000, 0x00000000ae880000, 0x00000000d5580000)
  object space 762368K, 99% used [0x0000000080000000,0x00000000ae871580,0x00000000ae880000)
 Metaspace       used 85461K, committed 87232K, reserved 1179648K
  class space    used 8497K, committed 9344K, reserved 1048576K
}
Event: 1318.358 GC heap after
{Heap after GC invocations=3861 (full 7):
 PSYoungGen      total 10752K, used 2078K [0x00000000d5580000, 0x00000000d6280000, 0x0000000100000000)
  eden space 8192K, 0% used [0x00000000d5580000,0x00000000d5580000,0x00000000d5d80000)
  from space 2560K, 81% used [0x00000000d5d80000,0x00000000d5f879a0,0x00000000d6000000)
  to   space 2560K, 0% used [0x00000000d6000000,0x00000000d6000000,0x00000000d6280000)
 ParOldGen       total 764928K, used 764656K [0x0000000080000000, 0x00000000aeb00000, 0x00000000d5580000)
  object space 764928K, 99% used [0x0000000080000000,0x00000000aeabc378,0x00000000aeb00000)
 Metaspace       used 85461K, committed 87232K, reserved 1179648K
  class space    used 8497K, committed 9344K, reserved 1048576K
}
Event: 1318.428 GC heap before
{Heap before GC invocations=3862 (full 7):
 PSYoungGen      total 10752K, used 10270K [0x00000000d5580000, 0x00000000d6280000, 0x0000000100000000)
  eden space 8192K, 100% used [0x00000000d5580000,0x00000000d5d80000,0x00000000d5d80000)
  from space 2560K, 81% used [0x00000000d5d80000,0x00000000d5f879a0,0x00000000d6000000)
  to   space 2560K, 0% used [0x00000000d6000000,0x00000000d6000000,0x00000000d6280000)
 ParOldGen       total 764928K, used 764656K [0x0000000080000000, 0x00000000aeb00000, 0x00000000d5580000)
  object space 764928K, 99% used [0x0000000080000000,0x00000000aeabc378,0x00000000aeb00000)
 Metaspace       used 85471K, committed 87232K, reserved 1179648K
  class space    used 8497K, committed 9344K, reserved 1048576K
}
Event: 1318.435 GC heap after
{Heap after GC invocations=3862 (full 7):
 PSYoungGen      total 8192K, used 2552K [0x00000000d5580000, 0x00000000d6780000, 0x0000000100000000)
  eden space 5632K, 0% used [0x00000000d5580000,0x00000000d5580000,0x00000000d5b00000)
  from space 2560K, 99% used [0x00000000d6000000,0x00000000d627e2c8,0x00000000d6280000)
  to   space 5120K, 0% used [0x00000000d5b00000,0x00000000d5b00000,0x00000000d6000000)
 ParOldGen       total 766976K, used 766709K [0x0000000080000000, 0x00000000aed00000, 0x00000000d5580000)
  object space 766976K, 99% used [0x0000000080000000,0x00000000aecbd620,0x00000000aed00000)
 Metaspace       used 85471K, committed 87232K, reserved 1179648K
  class space    used 8497K, committed 9344K, reserved 1048576K
}

